[1513777096091] Ligne 1
[1513777096091] Ligne 2
[1513777096091] Ligne 3
[1513777096091] Ligne 4
[1513777096091] Ligne 5
[1513777126865] Ligne 1
[1513777126866] Ligne 2
[1513777126866] Ligne 3
[1513777126866] Ligne 4
[1513777126866] Ligne 5
[1513777156740] Ligne 1
[1513777156740] Ligne 2
[1513777156740] Ligne 3
[1513777156740] Ligne 4
[1513777156740] Ligne 5
[1513777501838] Ligne 1
[1513777501838] Ligne 2
[1513777501838] Ligne 3
[1513777501838] Ligne 4
[1513777501838] Ligne 5
[1513778064795] Ligne 1
[1513778064795] Ligne 2
[1513778064795] Ligne 3
[1513778064795] Ligne 4
[1513778064795] Ligne 5
[1513778094803] Ligne 1
[1513778094805] Ligne 2
[1513778094806] Ligne 3
[1513778094806] Ligne 4
[1513778094806] Ligne 5
[1513778309422] Ligne 1
[1513778309425] Ligne 2
[1513778309425] Ligne 3
[1513778309426] Ligne 4
[1513778309426] Ligne 5
[1513778329544] Ligne 1
[1513778329548] Ligne 2
[1513778329548] Ligne 3
[1513778329549] Ligne 4
[1513778329549] Ligne 5
[1513778339464] Ligne 1
[1513778339464] Ligne 2
[1513778339464] Ligne 3
[1513778339464] Ligne 4
[1513778339464] Ligne 5
